#-----------------------------------------------------------
# Vivado v2018.2 (64-bit)
# SW Build 2258646 on Thu Jun 14 20:03:12 MDT 2018
# IP Build 2256618 on Thu Jun 14 22:10:49 MDT 2018
# Start of session at: Mon Feb  9 14:55:03 2026
# Process ID: 5692
# Current directory: C:/Users/palla/OneDrive/Desktop/pallavi/transmitter
# Command line: vivado.exe -gui_launcher_event rodinguilauncherevent25180 C:\Users\palla\OneDrive\Desktop\pallavi\transmitter\transmitter.xpr
# Log file: C:/Users/palla/OneDrive/Desktop/pallavi/transmitter/vivado.log
# Journal file: C:/Users/palla/OneDrive/Desktop/pallavi/transmitter\vivado.jou
#-----------------------------------------------------------
start_gui
open_project C:/Users/palla/OneDrive/Desktop/pallavi/transmitter/transmitter.xpr
INFO: [Project 1-313] Project file moved from 'C:/Users/Janga/OneDrive/Desktop/pallavi/transmitter' since last save.
Scanning sources...
Finished scanning sources
INFO: [IP_Flow 19-234] Refreshing IP repositories
INFO: [IP_Flow 19-1704] No user IP repositories specified
INFO: [IP_Flow 19-2313] Loaded Vivado IP repository 'C:/Xilinx/Vivado/2018.2/data/ip'.
open_project: Time (s): cpu = 00:00:18 ; elapsed = 00:02:53 . Memory (MB): peak = 1012.383 ; gain = 108.711
update_compile_order -fileset sources_1
exit
INFO: [Common 17-206] Exiting Vivado at Mon Feb  9 14:58:55 2026...
